  New_Bank_Application.cpp
C:\Users\OEN\Desktop\New_Bank_Application\New_Bank_Application\New_Bank_Application.cpp(2,10): warning C4067: unexpected tokens following preprocessor directive - expected a newline
C:\Users\OEN\Desktop\New_Bank_Application\New_Bank_Application\clsString.h(39,25): warning C4267: 'return': conversion from 'size_t' to 'short', possible loss of data
  (compiling source file 'New_Bank_Application.cpp')
  
C:\Users\OEN\Desktop\New_Bank_Application\New_Bank_Application\clsString.h(44,29): warning C4267: 'return': conversion from 'size_t' to 'short', possible loss of data
  (compiling source file 'New_Bank_Application.cpp')
  
C:\Users\OEN\Desktop\New_Bank_Application\New_Bank_Application\clsString.h(56,30): warning C4267: '=': conversion from 'size_t' to 'short', possible loss of data
  (compiling source file 'New_Bank_Application.cpp')
  
C:\Users\OEN\Desktop\New_Bank_Application\New_Bank_Application\clsString.h(193,29): warning C4267: 'return': conversion from 'size_t' to 'short', possible loss of data
  (compiling source file 'New_Bank_Application.cpp')
  
C:\Users\OEN\Desktop\New_Bank_Application\New_Bank_Application\clsString.h(324,30): warning C4267: '=': conversion from 'size_t' to 'short', possible loss of data
  (compiling source file 'New_Bank_Application.cpp')
  
C:\Users\OEN\Desktop\New_Bank_Application\New_Bank_Application\clsString.h(372,22): warning C4267: 'initializing': conversion from 'size_t' to 'short', possible loss of data
  (compiling source file 'New_Bank_Application.cpp')
  
C:\Users\OEN\Desktop\New_Bank_Application\New_Bank_Application\clsBankClient.h(207,12): warning C4240: nonstandard extension used: access to 'clsBankClient::stTrnsferLogRecord' now defined to be 'public', previously it was defined to be 'private'
  (compiling source file 'New_Bank_Application.cpp')
      C:\Users\OEN\Desktop\New_Bank_Application\New_Bank_Application\clsBankClient.h(153,12):
      see declaration of 'clsBankClient::stTrnsferLogRecord'
  
C:\Users\OEN\Desktop\New_Bank_Application\New_Bank_Application\clsBankClient.h(29,65): warning C4244: 'argument': conversion from 'double' to 'float', possible loss of data
  (compiling source file 'New_Bank_Application.cpp')
  
C:\Users\OEN\Desktop\New_Bank_Application\New_Bank_Application\clsBankClient.h(163,39): warning C4244: '=': conversion from 'double' to 'float', possible loss of data
  (compiling source file 'New_Bank_Application.cpp')
  
C:\Users\OEN\Desktop\New_Bank_Application\New_Bank_Application\clsBankClient.h(164,48): warning C4244: '=': conversion from 'double' to 'float', possible loss of data
  (compiling source file 'New_Bank_Application.cpp')
  
C:\Users\OEN\Desktop\New_Bank_Application\New_Bank_Application\clsBankClient.h(165,49): warning C4244: '=': conversion from 'double' to 'float', possible loss of data
  (compiling source file 'New_Bank_Application.cpp')
  
C:\Users\OEN\Desktop\New_Bank_Application\New_Bank_Application\clsBankClient.h(422,28): warning C4244: '+=': conversion from 'double' to 'float', possible loss of data
  (compiling source file 'New_Bank_Application.cpp')
  
C:\Users\OEN\Desktop\New_Bank_Application\New_Bank_Application\clsBankClient.h(435,32): warning C4244: '-=': conversion from 'double' to 'float', possible loss of data
  (compiling source file 'New_Bank_Application.cpp')
  
C:\Users\OEN\Desktop\New_Bank_Application\New_Bank_Application\New_Bank_Application.cpp(3,10): warning C4067: unexpected tokens following preprocessor directive - expected a newline
C:\Users\OEN\Desktop\New_Bank_Application\New_Bank_Application\New_Bank_Application.cpp(4,10): warning C4067: unexpected tokens following preprocessor directive - expected a newline
C:\Users\OEN\Desktop\New_Bank_Application\New_Bank_Application\clsUtil.h(64,5): warning C4102: 'defualt': unreferenced label
  (compiling source file 'New_Bank_Application.cpp')
  
C:\Users\OEN\Desktop\New_Bank_Application\New_Bank_Application\clsUser.h(198,12): warning C4240: nonstandard extension used: access to 'clsUser::stLoginRegisterRecord' now defined to be 'public', previously it was defined to be 'private'
  (compiling source file 'New_Bank_Application.cpp')
      C:\Users\OEN\Desktop\New_Bank_Application\New_Bank_Application\clsUser.h(26,12):
      see declaration of 'clsUser::stLoginRegisterRecord'
  
C:\Users\OEN\Desktop\New_Bank_Application\New_Bank_Application\clsMainScreen.h(3,10): warning C4067: unexpected tokens following preprocessor directive - expected a newline
  (compiling source file 'New_Bank_Application.cpp')
  
C:\Users\OEN\Desktop\New_Bank_Application\New_Bank_Application\clsInputValidate.h(115,16): warning C4244: 'initializing': conversion from 'double' to 'float', possible loss of data
  (compiling source file 'New_Bank_Application.cpp')
  
C:\Users\OEN\Desktop\New_Bank_Application\New_Bank_Application\clsInputValidate.h(119,26): warning C4244: '=': conversion from 'double' to 'float', possible loss of data
  (compiling source file 'New_Bank_Application.cpp')
  
C:\Users\OEN\Desktop\New_Bank_Application\New_Bank_Application\clsMainScreen.h(4,10): warning C4067: unexpected tokens following preprocessor directive - expected a newline
  (compiling source file 'New_Bank_Application.cpp')
  
C:\Users\OEN\Desktop\New_Bank_Application\New_Bank_Application\clsClientListScreen.h(5,10): warning C4067: unexpected tokens following preprocessor directive - expected a newline
  (compiling source file 'New_Bank_Application.cpp')
  
C:\Users\OEN\Desktop\New_Bank_Application\New_Bank_Application\clsClientListScreen.h(6,10): warning C4067: unexpected tokens following preprocessor directive - expected a newline
  (compiling source file 'New_Bank_Application.cpp')
  
C:\Users\OEN\Desktop\New_Bank_Application\New_Bank_Application\clsMainScreen.h(5,10): warning C4067: unexpected tokens following preprocessor directive - expected a newline
  (compiling source file 'New_Bank_Application.cpp')
  
C:\Users\OEN\Desktop\New_Bank_Application\New_Bank_Application\clsMainScreen.h(6,10): warning C4067: unexpected tokens following preprocessor directive - expected a newline
  (compiling source file 'New_Bank_Application.cpp')
  
C:\Users\OEN\Desktop\New_Bank_Application\New_Bank_Application\clsAddNewClientScreen.h(5,10): warning C4067: unexpected tokens following preprocessor directive - expected a newline
  (compiling source file 'New_Bank_Application.cpp')
  
C:\Users\OEN\Desktop\New_Bank_Application\New_Bank_Application\clsAddNewClientScreen.h(6,10): warning C4067: unexpected tokens following preprocessor directive - expected a newline
  (compiling source file 'New_Bank_Application.cpp')
  
C:\Users\OEN\Desktop\New_Bank_Application\New_Bank_Application\clsAddNewClientScreen.h(7,10): warning C4067: unexpected tokens following preprocessor directive - expected a newline
  (compiling source file 'New_Bank_Application.cpp')
  
C:\Users\OEN\Desktop\New_Bank_Application\New_Bank_Application\clsAddNewClientScreen.h(47,66): warning C4244: 'argument': conversion from 'double' to 'float', possible loss of data
  (compiling source file 'New_Bank_Application.cpp')
  
C:\Users\OEN\Desktop\New_Bank_Application\New_Bank_Application\clsMainScreen.h(7,10): warning C4067: unexpected tokens following preprocessor directive - expected a newline
  (compiling source file 'New_Bank_Application.cpp')
  
C:\Users\OEN\Desktop\New_Bank_Application\New_Bank_Application\clsDeleteClientScreen.h(3,10): warning C4067: unexpected tokens following preprocessor directive - expected a newline
  (compiling source file 'New_Bank_Application.cpp')
  
C:\Users\OEN\Desktop\New_Bank_Application\New_Bank_Application\clsDeleteClientScreen.h(4,10): warning C4067: unexpected tokens following preprocessor directive - expected a newline
  (compiling source file 'New_Bank_Application.cpp')
  
C:\Users\OEN\Desktop\New_Bank_Application\New_Bank_Application\clsDeleteClientScreen.h(5,10): warning C4067: unexpected tokens following preprocessor directive - expected a newline
  (compiling source file 'New_Bank_Application.cpp')
  
C:\Users\OEN\Desktop\New_Bank_Application\New_Bank_Application\clsDeleteClientScreen.h(6,10): warning C4067: unexpected tokens following preprocessor directive - expected a newline
  (compiling source file 'New_Bank_Application.cpp')
  
C:\Users\OEN\Desktop\New_Bank_Application\New_Bank_Application\clsDeleteClientScreen.h(7,10): warning C4067: unexpected tokens following preprocessor directive - expected a newline
  (compiling source file 'New_Bank_Application.cpp')
  
C:\Users\OEN\Desktop\New_Bank_Application\New_Bank_Application\clsMainScreen.h(8,10): warning C4067: unexpected tokens following preprocessor directive - expected a newline
  (compiling source file 'New_Bank_Application.cpp')
  
C:\Users\OEN\Desktop\New_Bank_Application\New_Bank_Application\clsTotalBalancesScreen.h(52,56): warning C4244: 'argument': conversion from 'double' to 'int', possible loss of data
  (compiling source file 'New_Bank_Application.cpp')
  
C:\Users\OEN\Desktop\New_Bank_Application\New_Bank_Application\clsTransferScreen.h(43,51): warning C4244: '=': conversion from 'double' to 'float', possible loss of data
  (compiling source file 'New_Bank_Application.cpp')
  
C:\Users\OEN\Desktop\New_Bank_Application\New_Bank_Application\clsTransferScreen.h(48,53): warning C4244: '=': conversion from 'double' to 'float', possible loss of data
  (compiling source file 'New_Bank_Application.cpp')
  
C:\Users\OEN\Desktop\New_Bank_Application\New_Bank_Application\clsMainScreen.h(9,10): warning C4067: unexpected tokens following preprocessor directive - expected a newline
  (compiling source file 'New_Bank_Application.cpp')
  
C:\Users\OEN\Desktop\New_Bank_Application\New_Bank_Application\clsUpdateCLientScreen.h(47,66): warning C4244: 'argument': conversion from 'double' to 'float', possible loss of data
  (compiling source file 'New_Bank_Application.cpp')
  
C:\Users\OEN\Desktop\New_Bank_Application\New_Bank_Application\clsMainScreen.h(10,10): warning C4067: unexpected tokens following preprocessor directive - expected a newline
  (compiling source file 'New_Bank_Application.cpp')
  
C:\Users\OEN\Desktop\New_Bank_Application\New_Bank_Application\clsMainScreen.h(11,10): warning C4067: unexpected tokens following preprocessor directive - expected a newline
  (compiling source file 'New_Bank_Application.cpp')
  
C:\Users\OEN\Desktop\New_Bank_Application\New_Bank_Application\clsMainScreen.h(12,10): warning C4067: unexpected tokens following preprocessor directive - expected a newline
  (compiling source file 'New_Bank_Application.cpp')
  
C:\Users\OEN\Desktop\New_Bank_Application\New_Bank_Application\clsMainScreen.h(13,10): warning C4067: unexpected tokens following preprocessor directive - expected a newline
  (compiling source file 'New_Bank_Application.cpp')
  
C:\Users\OEN\Desktop\New_Bank_Application\New_Bank_Application\New_Bank_Application.cpp(5,10): warning C4067: unexpected tokens following preprocessor directive - expected a newline
C:\Users\OEN\Desktop\New_Bank_Application\New_Bank_Application\New_Bank_Application.cpp(6,10): warning C4067: unexpected tokens following preprocessor directive - expected a newline
C:\Users\OEN\Desktop\New_Bank_Application\New_Bank_Application\New_Bank_Application.cpp(7,10): warning C4067: unexpected tokens following preprocessor directive - expected a newline
C:\Users\OEN\Desktop\New_Bank_Application\New_Bank_Application\clsLoginScreen.h(41,1): warning C4715: 'clsLoginScreen::_Login': not all control paths return a value
C:\Users\OEN\Desktop\New_Bank_Application\New_Bank_Application\clsBankClient.h(377,1): warning C4715: 'clsBankClient::Save': not all control paths return a value
C:\Users\OEN\Desktop\New_Bank_Application\New_Bank_Application\clsBankClient.h(439,1): warning C4715: 'clsBankClient::Withdraw': not all control paths return a value
C:\Users\OEN\Desktop\New_Bank_Application\New_Bank_Application\clsUser.h(360,1): warning C4715: 'clsUser::Save': not all control paths return a value
  New_Bank_Application.vcxproj -> C:\Users\OEN\Desktop\New_Bank_Application\x64\Debug\New_Bank_Application.exe
